This file contains any messages produced by compilers while
running configure, to aid debugging if configure makes a mistake.

It was created by RtAudio configure 4.1.2, which was
generated by GNU Autoconf 2.69.  Invocation command line was

  $ ./configure -with-pulse

## --------- ##
## Platform. ##
## --------- ##

hostname = raspi
uname -m = armv6l
uname -r = 4.4.50+
uname -s = Linux
uname -v = #970 Mon Feb 20 19:12:50 GMT 2017

/usr/bin/uname -p = unknown
/bin/uname -X     = unknown

/bin/arch              = unknown
/usr/bin/arch -k       = unknown
/usr/convex/getsysinfo = unknown
/usr/bin/hostinfo      = unknown
/bin/machine           = unknown
/usr/bin/oslevel       = unknown
/bin/universe          = unknown

PATH: /usr/local/sbin
PATH: /usr/local/bin
PATH: /usr/sbin
PATH: /usr/bin
PATH: /sbin
PATH: /bin
PATH: /usr/local/games
PATH: /usr/games


## ----------- ##
## Core tests. ##
## ----------- ##

configure:2434: checking for a BSD-compatible install
configure:2502: result: /usr/bin/install -c
configure:2513: checking whether build environment is sane
configure:2568: result: yes
configure:2719: checking for a thread-safe mkdir -p
configure:2758: result: /bin/mkdir -p
configure:2765: checking for gawk
configure:2795: result: no
configure:2765: checking for mawk
configure:2781: found /usr/bin/mawk
configure:2792: result: mawk
configure:2803: checking whether make sets $(MAKE)
configure:2825: result: yes
configure:2854: checking whether make supports nested variables
configure:2871: result: yes
configure:3022: checking that version numbers are coherent
configure:3036: checking for style of include used by make
configure:3064: result: GNU
configure:3135: checking for gcc
configure:3151: found /usr/bin/gcc
configure:3162: result: gcc
configure:3391: checking for C compiler version
configure:3400: gcc --version >&5
gcc (Raspbian 4.9.2-10) 4.9.2
Copyright (C) 2014 Free Software Foundation, Inc.
This is free software; see the source for copying conditions.  There is NO
warranty; not even for MERCHANTABILITY or FITNESS FOR A PARTICULAR PURPOSE.

configure:3411: $? = 0
configure:3400: gcc -v >&5
Using built-in specs.
COLLECT_GCC=gcc
COLLECT_LTO_WRAPPER=/usr/lib/gcc/arm-linux-gnueabihf/4.9/lto-wrapper
Target: arm-linux-gnueabihf
Configured with: ../src/configure -v --with-pkgversion='Raspbian 4.9.2-10' --with-bugurl=file:///usr/share/doc/gcc-4.9/README.Bugs --enable-languages=c,c++,java,go,d,fortran,objc,obj-c++ --prefix=/usr --program-suffix=-4.9 --enable-shared --enable-linker-build-id --libexecdir=/usr/lib --without-included-gettext --enable-threads=posix --with-gxx-include-dir=/usr/include/c++/4.9 --libdir=/usr/lib --enable-nls --with-sysroot=/ --enable-clocale=gnu --enable-libstdcxx-debug --enable-libstdcxx-time=yes --enable-gnu-unique-object --disable-libitm --disable-libquadmath --enable-plugin --with-system-zlib --disable-browser-plugin --enable-java-awt=gtk --enable-gtk-cairo --with-java-home=/usr/lib/jvm/java-1.5.0-gcj-4.9-armhf/jre --enable-java-home --with-jvm-root-dir=/usr/lib/jvm/java-1.5.0-gcj-4.9-armhf --with-jvm-jar-dir=/usr/lib/jvm-exports/java-1.5.0-gcj-4.9-armhf --with-arch-directory=arm --with-ecj-jar=/usr/share/java/eclipse-ecj.jar --enable-objc-gc --enable-multiarch --disable-sjlj-exceptions --with-arch=armv6 --with-fpu=vfp --with-float=hard --enable-checking=release --build=arm-linux-gnueabihf --host=arm-linux-gnueabihf --target=arm-linux-gnueabihf
Thread model: posix
gcc version 4.9.2 (Raspbian 4.9.2-10) 
configure:3411: $? = 0
configure:3400: gcc -V >&5
gcc: error: unrecognized command line option '-V'
gcc: fatal error: no input files
compilation terminated.
configure:3411: $? = 4
configure:3400: gcc -qversion >&5
gcc: error: unrecognized command line option '-qversion'
gcc: fatal error: no input files
compilation terminated.
configure:3411: $? = 4
configure:3431: checking whether the C compiler works
configure:3453: gcc    conftest.c  >&5
configure:3457: $? = 0
configure:3505: result: yes
configure:3508: checking for C compiler default output file name
configure:3510: result: a.out
configure:3516: checking for suffix of executables
configure:3523: gcc -o conftest    conftest.c  >&5
configure:3527: $? = 0
configure:3549: result: 
configure:3571: checking whether we are cross compiling
configure:3579: gcc -o conftest    conftest.c  >&5
configure:3583: $? = 0
configure:3590: ./conftest
configure:3594: $? = 0
configure:3609: result: no
configure:3614: checking for suffix of object files
configure:3636: gcc -c   conftest.c >&5
configure:3640: $? = 0
configure:3661: result: o
configure:3665: checking whether we are using the GNU C compiler
configure:3684: gcc -c   conftest.c >&5
configure:3684: $? = 0
configure:3693: result: yes
configure:3702: checking whether gcc accepts -g
configure:3722: gcc -c -g  conftest.c >&5
configure:3722: $? = 0
configure:3763: result: yes
configure:3780: checking for gcc option to accept ISO C89
configure:3843: gcc  -c -g -O2  conftest.c >&5
configure:3843: $? = 0
configure:3856: result: none needed
configure:3881: checking whether gcc understands -c and -o together
configure:3903: gcc -c conftest.c -o conftest2.o
configure:3906: $? = 0
configure:3903: gcc -c conftest.c -o conftest2.o
configure:3906: $? = 0
configure:3918: result: yes
configure:3937: checking dependency style of gcc
configure:4048: result: gcc3
configure:4082: gcc -o conftest -g -O2   conftest.c  >&5
configure:4082: $? = 0
configure:4082: ./conftest
configure:4082: $? = 0
configure:4083: result: yes
configure:4098: checking whether to enable maintainer-specific portions of Makefiles
configure:4107: result: no
configure:4131: checking whether make supports nested variables
configure:4148: result: yes
configure:4220: checking for pkg-config
configure:4238: found /usr/bin/pkg-config
configure:4250: result: /usr/bin/pkg-config
configure:4275: checking pkg-config is at least version 0.9.0
configure:4278: result: yes
configure:4290: checking whether to compile debug version
configure:4360: checking for g++
configure:4376: found /usr/bin/g++
configure:4387: result: g++
configure:4414: checking for C++ compiler version
configure:4423: g++ --version >&5
g++ (Raspbian 4.9.2-10) 4.9.2
Copyright (C) 2014 Free Software Foundation, Inc.
This is free software; see the source for copying conditions.  There is NO
warranty; not even for MERCHANTABILITY or FITNESS FOR A PARTICULAR PURPOSE.

configure:4434: $? = 0
configure:4423: g++ -v >&5
Using built-in specs.
COLLECT_GCC=g++
COLLECT_LTO_WRAPPER=/usr/lib/gcc/arm-linux-gnueabihf/4.9/lto-wrapper
Target: arm-linux-gnueabihf
Configured with: ../src/configure -v --with-pkgversion='Raspbian 4.9.2-10' --with-bugurl=file:///usr/share/doc/gcc-4.9/README.Bugs --enable-languages=c,c++,java,go,d,fortran,objc,obj-c++ --prefix=/usr --program-suffix=-4.9 --enable-shared --enable-linker-build-id --libexecdir=/usr/lib --without-included-gettext --enable-threads=posix --with-gxx-include-dir=/usr/include/c++/4.9 --libdir=/usr/lib --enable-nls --with-sysroot=/ --enable-clocale=gnu --enable-libstdcxx-debug --enable-libstdcxx-time=yes --enable-gnu-unique-object --disable-libitm --disable-libquadmath --enable-plugin --with-system-zlib --disable-browser-plugin --enable-java-awt=gtk --enable-gtk-cairo --with-java-home=/usr/lib/jvm/java-1.5.0-gcj-4.9-armhf/jre --enable-java-home --with-jvm-root-dir=/usr/lib/jvm/java-1.5.0-gcj-4.9-armhf --with-jvm-jar-dir=/usr/lib/jvm-exports/java-1.5.0-gcj-4.9-armhf --with-arch-directory=arm --with-ecj-jar=/usr/share/java/eclipse-ecj.jar --enable-objc-gc --enable-multiarch --disable-sjlj-exceptions --with-arch=armv6 --with-fpu=vfp --with-float=hard --enable-checking=release --build=arm-linux-gnueabihf --host=arm-linux-gnueabihf --target=arm-linux-gnueabihf
Thread model: posix
gcc version 4.9.2 (Raspbian 4.9.2-10) 
configure:4434: $? = 0
configure:4423: g++ -V >&5
g++: error: unrecognized command line option '-V'
g++: fatal error: no input files
compilation terminated.
configure:4434: $? = 4
configure:4423: g++ -qversion >&5
g++: error: unrecognized command line option '-qversion'
g++: fatal error: no input files
compilation terminated.
configure:4434: $? = 4
configure:4438: checking whether we are using the GNU C++ compiler
configure:4457: g++ -c -O3  conftest.cpp >&5
configure:4457: $? = 0
configure:4466: result: yes
configure:4475: checking whether g++ accepts -g
configure:4495: g++ -c -g  conftest.cpp >&5
configure:4495: $? = 0
configure:4536: result: yes
configure:4561: checking dependency style of g++
configure:4672: result: gcc3
configure:4736: checking for ar
configure:4752: found /usr/bin/ar
configure:4763: result: ar
configure:4789: checking the archiver (ar) interface
configure:4805: gcc -c -g -O2  conftest.c >&5
configure:4805: $? = 0
configure:4807: ar cru libconftest.a conftest.o >&5
configure:4810: $? = 0
configure:4838: result: ar
configure:4860: checking for ar
configure:4878: found /usr/bin/ar
configure:4891: result: /usr/bin/ar
configure:4933: checking build system type
configure:4947: result: armv6l-unknown-linux-gnueabihf
configure:4967: checking host system type
configure:4980: result: armv6l-unknown-linux-gnueabihf
configure:5021: checking how to print strings
configure:5048: result: printf
configure:5069: checking for a sed that does not truncate output
configure:5133: result: /bin/sed
configure:5151: checking for grep that handles long lines and -e
configure:5209: result: /bin/grep
configure:5214: checking for egrep
configure:5276: result: /bin/grep -E
configure:5281: checking for fgrep
configure:5343: result: /bin/grep -F
configure:5378: checking for ld used by gcc
configure:5445: result: /usr/bin/ld
configure:5452: checking if the linker (/usr/bin/ld) is GNU ld
configure:5467: result: yes
configure:5479: checking for BSD- or MS-compatible name lister (nm)
configure:5528: result: /usr/bin/nm -B
configure:5658: checking the name lister (/usr/bin/nm -B) interface
configure:5665: gcc -c -g -O2  conftest.c >&5
configure:5668: /usr/bin/nm -B "conftest.o"
configure:5671: output
00000000 B some_variable
configure:5678: result: BSD nm
configure:5681: checking whether ln -s works
configure:5685: result: yes
configure:5693: checking the maximum length of command line arguments
configure:5824: result: 1572864
configure:5841: checking whether the shell understands some XSI constructs
configure:5851: result: yes
configure:5855: checking whether the shell understands "+="
configure:5861: result: yes
configure:5896: checking how to convert armv6l-unknown-linux-gnueabihf file names to armv6l-unknown-linux-gnueabihf format
configure:5936: result: func_convert_file_noop
configure:5943: checking how to convert armv6l-unknown-linux-gnueabihf file names to toolchain format
configure:5963: result: func_convert_file_noop
configure:5970: checking for /usr/bin/ld option to reload object files
configure:5977: result: -r
configure:6051: checking for objdump
configure:6067: found /usr/bin/objdump
configure:6078: result: objdump
configure:6107: checking how to recognize dependent libraries
configure:6305: result: pass_all
configure:6390: checking for dlltool
configure:6420: result: no
configure:6447: checking how to associate runtime and link libraries
configure:6474: result: printf %s\n
configure:6598: checking for archiver @FILE support
configure:6615: gcc -c -g -O2  conftest.c >&5
configure:6615: $? = 0
configure:6618: /usr/bin/ar cru libconftest.a @conftest.lst >&5
configure:6621: $? = 0
configure:6626: /usr/bin/ar cru libconftest.a @conftest.lst >&5
/usr/bin/ar: conftest.o: No such file or directory
configure:6629: $? = 1
configure:6641: result: @
configure:6699: checking for strip
configure:6715: found /usr/bin/strip
configure:6726: result: strip
configure:6798: checking for ranlib
configure:6814: found /usr/bin/ranlib
configure:6825: result: ranlib
configure:6927: checking command to parse /usr/bin/nm -B output from gcc object
configure:7047: gcc -c -g -O2  conftest.c >&5
configure:7050: $? = 0
configure:7054: /usr/bin/nm -B conftest.o \| sed -n -e 's/^.*[ ]\([ABCDGIRSTW][ABCDGIRSTW]*\)[ ][ ]*\([_A-Za-z][_A-Za-z0-9]*\)$/\1 \2 \2/p' | sed '/ __gnu_lto/d' \> conftest.nm
configure:7057: $? = 0
configure:7123: gcc -o conftest -g -O2   conftest.c conftstm.o >&5
configure:7126: $? = 0
configure:7164: result: ok
configure:7201: checking for sysroot
configure:7231: result: no
configure:7500: checking for mt
configure:7516: found /bin/mt
configure:7527: result: mt
configure:7550: checking if mt is a manifest tool
configure:7556: mt '-?'
configure:7564: result: no
configure:8206: checking how to run the C preprocessor
configure:8237: gcc -E  conftest.c
configure:8237: $? = 0
configure:8251: gcc -E  conftest.c
conftest.c:11:28: fatal error: ac_nonexistent.h: No such file or directory
 #include <ac_nonexistent.h>
                            ^
compilation terminated.
configure:8251: $? = 1
configure: failed program was:
| /* confdefs.h */
| #define PACKAGE_NAME "RtAudio"
| #define PACKAGE_TARNAME "rtaudio"
| #define PACKAGE_VERSION "4.1.2"
| #define PACKAGE_STRING "RtAudio 4.1.2"
| #define PACKAGE_BUGREPORT "gary@music.mcgill.ca"
| #define PACKAGE_URL ""
| #define PACKAGE "rtaudio"
| #define VERSION "4.1.2"
| /* end confdefs.h.  */
| #include <ac_nonexistent.h>
configure:8276: result: gcc -E
configure:8296: gcc -E  conftest.c
configure:8296: $? = 0
configure:8310: gcc -E  conftest.c
conftest.c:11:28: fatal error: ac_nonexistent.h: No such file or directory
 #include <ac_nonexistent.h>
                            ^
compilation terminated.
configure:8310: $? = 1
configure: failed program was:
| /* confdefs.h */
| #define PACKAGE_NAME "RtAudio"
| #define PACKAGE_TARNAME "rtaudio"
| #define PACKAGE_VERSION "4.1.2"
| #define PACKAGE_STRING "RtAudio 4.1.2"
| #define PACKAGE_BUGREPORT "gary@music.mcgill.ca"
| #define PACKAGE_URL ""
| #define PACKAGE "rtaudio"
| #define VERSION "4.1.2"
| /* end confdefs.h.  */
| #include <ac_nonexistent.h>
configure:8339: checking for ANSI C header files
configure:8359: gcc -c -g -O2  conftest.c >&5
configure:8359: $? = 0
configure:8432: gcc -o conftest -g -O2   conftest.c  >&5
configure:8432: $? = 0
configure:8432: ./conftest
configure:8432: $? = 0
configure:8443: result: yes
configure:8456: checking for sys/types.h
configure:8456: gcc -c -g -O2  conftest.c >&5
configure:8456: $? = 0
configure:8456: result: yes
configure:8456: checking for sys/stat.h
configure:8456: gcc -c -g -O2  conftest.c >&5
configure:8456: $? = 0
configure:8456: result: yes
configure:8456: checking for stdlib.h
configure:8456: gcc -c -g -O2  conftest.c >&5
configure:8456: $? = 0
configure:8456: result: yes
configure:8456: checking for string.h
configure:8456: gcc -c -g -O2  conftest.c >&5
configure:8456: $? = 0
configure:8456: result: yes
configure:8456: checking for memory.h
configure:8456: gcc -c -g -O2  conftest.c >&5
configure:8456: $? = 0
configure:8456: result: yes
configure:8456: checking for strings.h
configure:8456: gcc -c -g -O2  conftest.c >&5
configure:8456: $? = 0
configure:8456: result: yes
configure:8456: checking for inttypes.h
configure:8456: gcc -c -g -O2  conftest.c >&5
configure:8456: $? = 0
configure:8456: result: yes
configure:8456: checking for stdint.h
configure:8456: gcc -c -g -O2  conftest.c >&5
configure:8456: $? = 0
configure:8456: result: yes
configure:8456: checking for unistd.h
configure:8456: gcc -c -g -O2  conftest.c >&5
configure:8456: $? = 0
configure:8456: result: yes
configure:8470: checking for dlfcn.h
configure:8470: gcc -c -g -O2  conftest.c >&5
configure:8470: $? = 0
configure:8470: result: yes
configure:8985: checking for objdir
configure:9000: result: .libs
configure:9271: checking if gcc supports -fno-rtti -fno-exceptions
configure:9289: gcc -c -g -O2  -fno-rtti -fno-exceptions conftest.c >&5
cc1: warning: command line option '-fno-rtti' is valid for C++/ObjC++ but not for C
configure:9293: $? = 0
configure:9306: result: no
configure:9633: checking for gcc option to produce PIC
configure:9640: result: -fPIC -DPIC
configure:9648: checking if gcc PIC flag -fPIC -DPIC works
configure:9666: gcc -c -g -O2  -fPIC -DPIC -DPIC conftest.c >&5
configure:9670: $? = 0
configure:9683: result: yes
configure:9712: checking if gcc static flag -static works
configure:9740: result: yes
configure:9755: checking if gcc supports -c -o file.o
configure:9776: gcc -c -g -O2  -o out/conftest2.o conftest.c >&5
configure:9780: $? = 0
configure:9802: result: yes
configure:9810: checking if gcc supports -c -o file.o
configure:9857: result: yes
configure:9890: checking whether the gcc linker (/usr/bin/ld) supports shared libraries
configure:11047: result: yes
configure:11084: checking whether -lc should be explicitly linked in
configure:11092: gcc -c -g -O2  conftest.c >&5
configure:11095: $? = 0
configure:11110: gcc -shared  -fPIC -DPIC conftest.o  -v -Wl,-soname -Wl,conftest -o conftest 2\>\&1 \| /bin/grep  -lc  \>/dev/null 2\>\&1
configure:11113: $? = 0
configure:11127: result: no
configure:11287: checking dynamic linker characteristics
configure:11787: gcc -o conftest -g -O2   -Wl,-rpath -Wl,/foo conftest.c  >&5
configure:11787: $? = 0
configure:12021: result: GNU/Linux ld.so
configure:12128: checking how to hardcode library paths into programs
configure:12153: result: immediate
configure:12693: checking whether stripping libraries is possible
configure:12698: result: yes
configure:12733: checking if libtool supports shared libraries
configure:12735: result: yes
configure:12738: checking whether to build shared libraries
configure:12759: result: yes
configure:12762: checking whether to build static libraries
configure:12766: result: yes
configure:12789: checking how to run the C++ preprocessor
configure:12816: g++ -E  conftest.cpp
configure:12816: $? = 0
configure:12830: g++ -E  conftest.cpp
conftest.cpp:23:28: fatal error: ac_nonexistent.h: No such file or directory
 #include <ac_nonexistent.h>
                            ^
compilation terminated.
configure:12830: $? = 1
configure: failed program was:
| /* confdefs.h */
| #define PACKAGE_NAME "RtAudio"
| #define PACKAGE_TARNAME "rtaudio"
| #define PACKAGE_VERSION "4.1.2"
| #define PACKAGE_STRING "RtAudio 4.1.2"
| #define PACKAGE_BUGREPORT "gary@music.mcgill.ca"
| #define PACKAGE_URL ""
| #define PACKAGE "rtaudio"
| #define VERSION "4.1.2"
| #define STDC_HEADERS 1
| #define HAVE_SYS_TYPES_H 1
| #define HAVE_SYS_STAT_H 1
| #define HAVE_STDLIB_H 1
| #define HAVE_STRING_H 1
| #define HAVE_MEMORY_H 1
| #define HAVE_STRINGS_H 1
| #define HAVE_INTTYPES_H 1
| #define HAVE_STDINT_H 1
| #define HAVE_UNISTD_H 1
| #define HAVE_DLFCN_H 1
| #define LT_OBJDIR ".libs/"
| /* end confdefs.h.  */
| #include <ac_nonexistent.h>
configure:12855: result: g++ -E
configure:12875: g++ -E  conftest.cpp
configure:12875: $? = 0
configure:12889: g++ -E  conftest.cpp
conftest.cpp:23:28: fatal error: ac_nonexistent.h: No such file or directory
 #include <ac_nonexistent.h>
                            ^
compilation terminated.
configure:12889: $? = 1
configure: failed program was:
| /* confdefs.h */
| #define PACKAGE_NAME "RtAudio"
| #define PACKAGE_TARNAME "rtaudio"
| #define PACKAGE_VERSION "4.1.2"
| #define PACKAGE_STRING "RtAudio 4.1.2"
| #define PACKAGE_BUGREPORT "gary@music.mcgill.ca"
| #define PACKAGE_URL ""
| #define PACKAGE "rtaudio"
| #define VERSION "4.1.2"
| #define STDC_HEADERS 1
| #define HAVE_SYS_TYPES_H 1
| #define HAVE_SYS_STAT_H 1
| #define HAVE_STDLIB_H 1
| #define HAVE_STRING_H 1
| #define HAVE_MEMORY_H 1
| #define HAVE_STRINGS_H 1
| #define HAVE_INTTYPES_H 1
| #define HAVE_STDINT_H 1
| #define HAVE_UNISTD_H 1
| #define HAVE_DLFCN_H 1
| #define LT_OBJDIR ".libs/"
| /* end confdefs.h.  */
| #include <ac_nonexistent.h>
configure:13058: checking for ld used by g++
configure:13125: result: /usr/bin/ld
configure:13132: checking if the linker (/usr/bin/ld) is GNU ld
configure:13147: result: yes
configure:13202: checking whether the g++ linker (/usr/bin/ld) supports shared libraries
configure:14204: result: yes
configure:14240: g++ -c -O3  conftest.cpp >&5
configure:14243: $? = 0
configure:14763: checking for g++ option to produce PIC
configure:14770: result: -fPIC -DPIC
configure:14778: checking if g++ PIC flag -fPIC -DPIC works
configure:14796: g++ -c -O3  -fPIC -DPIC -DPIC conftest.cpp >&5
configure:14800: $? = 0
configure:14813: result: yes
configure:14836: checking if g++ static flag -static works
configure:14864: result: yes
configure:14876: checking if g++ supports -c -o file.o
configure:14897: g++ -c -O3  -o out/conftest2.o conftest.cpp >&5
configure:14901: $? = 0
configure:14923: result: yes
configure:14928: checking if g++ supports -c -o file.o
configure:14975: result: yes
configure:15005: checking whether the g++ linker (/usr/bin/ld) supports shared libraries
configure:15044: result: yes
configure:15185: checking dynamic linker characteristics
configure:15853: result: GNU/Linux ld.so
configure:15906: checking how to hardcode library paths into programs
configure:15931: result: immediate
configure:15995: checking for ANSI C header files
configure:16099: result: yes
configure:16110: checking sys/ioctl.h usability
configure:16110: gcc -c -g -O2  conftest.c >&5
configure:16110: $? = 0
configure:16110: result: yes
configure:16110: checking sys/ioctl.h presence
configure:16110: gcc -E  conftest.c
configure:16110: $? = 0
configure:16110: result: yes
configure:16110: checking for sys/ioctl.h
configure:16110: result: yes
configure:16110: checking for unistd.h
configure:16110: result: yes
configure:16131: checking for gettimeofday
configure:16131: gcc -o conftest -g -O2   conftest.c  >&5
configure:16131: $? = 0
configure:16131: result: yes
configure:16140: checking for doxygen
configure:16170: result: no
configure:16227: checking for audio API
configure:16455: result: using PulseAudio
configure:16457: checking for pa_simple_flush in -lpulse-simple
configure:16482: gcc -o conftest -g -O2   conftest.c -lpulse-simple   >&5
configure:16482: $? = 0
configure:16491: result: yes
configure:16574: checking for pthread_create in -lpthread
configure:16599: gcc -o conftest -g -O2   conftest.c -lpthread  -lpulse-simple  >&5
configure:16599: $? = 0
configure:16608: result: yes
configure:16974: checking that generated files are newer than configure
configure:16980: result: done
configure:17015: creating ./config.status

## ---------------------- ##
## Running config.status. ##
## ---------------------- ##

This file was extended by RtAudio config.status 4.1.2, which was
generated by GNU Autoconf 2.69.  Invocation command line was

  CONFIG_FILES    = 
  CONFIG_HEADERS  = 
  CONFIG_LINKS    = 
  CONFIG_COMMANDS = 
  $ ./config.status 

on raspi

config.status:1108: creating rtaudio.pc
config.status:1108: creating Makefile
config.status:1108: creating sym/Makefile
config.status:1108: creating doc/Makefile
config.status:1108: creating doc/doxygen/Doxyfile
config.status:1311: executing depfiles commands
config.status:1311: executing libtool commands

## ---------------- ##
## Cache variables. ##
## ---------------- ##

ac_cv_build=armv6l-unknown-linux-gnueabihf
ac_cv_c_compiler_gnu=yes
ac_cv_cxx_compiler_gnu=yes
ac_cv_env_CCC_set=
ac_cv_env_CCC_value=
ac_cv_env_CC_set=
ac_cv_env_CC_value=
ac_cv_env_CFLAGS_set=
ac_cv_env_CFLAGS_value=
ac_cv_env_CPPFLAGS_set=
ac_cv_env_CPPFLAGS_value=
ac_cv_env_CPP_set=
ac_cv_env_CPP_value=
ac_cv_env_CXXCPP_set=
ac_cv_env_CXXCPP_value=
ac_cv_env_CXXFLAGS_set=
ac_cv_env_CXXFLAGS_value=
ac_cv_env_CXX_set=
ac_cv_env_CXX_value=
ac_cv_env_LDFLAGS_set=
ac_cv_env_LDFLAGS_value=
ac_cv_env_LIBS_set=
ac_cv_env_LIBS_value=
ac_cv_env_PKG_CONFIG_LIBDIR_set=
ac_cv_env_PKG_CONFIG_LIBDIR_value=
ac_cv_env_PKG_CONFIG_PATH_set=
ac_cv_env_PKG_CONFIG_PATH_value=
ac_cv_env_PKG_CONFIG_set=
ac_cv_env_PKG_CONFIG_value=
ac_cv_env_build_alias_set=
ac_cv_env_build_alias_value=
ac_cv_env_host_alias_set=
ac_cv_env_host_alias_value=
ac_cv_env_target_alias_set=
ac_cv_env_target_alias_value=
ac_cv_func_gettimeofday=yes
ac_cv_header_dlfcn_h=yes
ac_cv_header_inttypes_h=yes
ac_cv_header_memory_h=yes
ac_cv_header_stdc=yes
ac_cv_header_stdint_h=yes
ac_cv_header_stdlib_h=yes
ac_cv_header_string_h=yes
ac_cv_header_strings_h=yes
ac_cv_header_sys_ioctl_h=yes
ac_cv_header_sys_stat_h=yes
ac_cv_header_sys_types_h=yes
ac_cv_header_unistd_h=yes
ac_cv_host=armv6l-unknown-linux-gnueabihf
ac_cv_lib_pthread_pthread_create=yes
ac_cv_lib_pulse_simple_pa_simple_flush=yes
ac_cv_objext=o
ac_cv_path_AR=/usr/bin/ar
ac_cv_path_EGREP='/bin/grep -E'
ac_cv_path_FGREP='/bin/grep -F'
ac_cv_path_GREP=/bin/grep
ac_cv_path_SED=/bin/sed
ac_cv_path_ac_pt_PKG_CONFIG=/usr/bin/pkg-config
ac_cv_path_install='/usr/bin/install -c'
ac_cv_path_mkdir=/bin/mkdir
ac_cv_prog_AWK=mawk
ac_cv_prog_CPP='gcc -E'
ac_cv_prog_CXXCPP='g++ -E'
ac_cv_prog_ac_ct_AR=ar
ac_cv_prog_ac_ct_CC=gcc
ac_cv_prog_ac_ct_CXX=g++
ac_cv_prog_ac_ct_MANIFEST_TOOL=mt
ac_cv_prog_ac_ct_OBJDUMP=objdump
ac_cv_prog_ac_ct_RANLIB=ranlib
ac_cv_prog_ac_ct_STRIP=strip
ac_cv_prog_cc_c89=
ac_cv_prog_cc_g=yes
ac_cv_prog_cxx_g=yes
ac_cv_prog_make_make_set=yes
am_cv_CC_dependencies_compiler_type=gcc3
am_cv_CXX_dependencies_compiler_type=gcc3
am_cv_ar_interface=ar
am_cv_make_support_nested_variables=yes
am_cv_prog_cc_c_o=yes
lt_cv_ar_at_file=@
lt_cv_archive_cmds_need_lc=no
lt_cv_deplibs_check_method=pass_all
lt_cv_file_magic_cmd='$MAGIC_CMD'
lt_cv_file_magic_test_file=
lt_cv_ld_reload_flag=-r
lt_cv_nm_interface='BSD nm'
lt_cv_objdir=.libs
lt_cv_path_LD=/usr/bin/ld
lt_cv_path_LDCXX=/usr/bin/ld
lt_cv_path_NM='/usr/bin/nm -B'
lt_cv_path_mainfest_tool=no
lt_cv_prog_compiler_c_o=yes
lt_cv_prog_compiler_c_o_CXX=yes
lt_cv_prog_compiler_pic='-fPIC -DPIC'
lt_cv_prog_compiler_pic_CXX='-fPIC -DPIC'
lt_cv_prog_compiler_pic_works=yes
lt_cv_prog_compiler_pic_works_CXX=yes
lt_cv_prog_compiler_rtti_exceptions=no
lt_cv_prog_compiler_static_works=yes
lt_cv_prog_compiler_static_works_CXX=yes
lt_cv_prog_gnu_ld=yes
lt_cv_prog_gnu_ldcxx=yes
lt_cv_sharedlib_from_linklib_cmd='printf %s\n'
lt_cv_shlibpath_overrides_runpath=no
lt_cv_sys_global_symbol_pipe='sed -n -e '\''s/^.*[	 ]\([ABCDGIRSTW][ABCDGIRSTW]*\)[	 ][	 ]*\([_A-Za-z][_A-Za-z0-9]*\)$/\1 \2 \2/p'\'' | sed '\''/ __gnu_lto/d'\'''
lt_cv_sys_global_symbol_to_c_name_address='sed -n -e '\''s/^: \([^ ]*\)[ ]*$/  {\"\1\", (void *) 0},/p'\'' -e '\''s/^[ABCDGIRSTW]* \([^ ]*\) \([^ ]*\)$/  {"\2", (void *) \&\2},/p'\'''
lt_cv_sys_global_symbol_to_c_name_address_lib_prefix='sed -n -e '\''s/^: \([^ ]*\)[ ]*$/  {\"\1\", (void *) 0},/p'\'' -e '\''s/^[ABCDGIRSTW]* \([^ ]*\) \(lib[^ ]*\)$/  {"\2", (void *) \&\2},/p'\'' -e '\''s/^[ABCDGIRSTW]* \([^ ]*\) \([^ ]*\)$/  {"lib\2", (void *) \&\2},/p'\'''
lt_cv_sys_global_symbol_to_cdecl='sed -n -e '\''s/^T .* \(.*\)$/extern int \1();/p'\'' -e '\''s/^[ABCDGIRSTW]* .* \(.*\)$/extern char \1;/p'\'''
lt_cv_sys_max_cmd_len=1572864
lt_cv_to_host_file_cmd=func_convert_file_noop
lt_cv_to_tool_file_cmd=func_convert_file_noop

## ----------------- ##
## Output variables. ##
## ----------------- ##

ACLOCAL='${SHELL} /home/pi/SonicBoom/binau/config/missing aclocal-1.14'
AMDEPBACKSLASH='\'
AMDEP_FALSE='#'
AMDEP_TRUE=''
AMTAR='$${TAR-tar}'
AM_BACKSLASH='\'
AM_DEFAULT_V='$(AM_DEFAULT_VERBOSITY)'
AM_DEFAULT_VERBOSITY='0'
AM_V='$(V)'
AR='/usr/bin/ar'
AS='as'
AUTOCONF='${SHELL} /home/pi/SonicBoom/binau/config/missing autoconf'
AUTOHEADER='${SHELL} /home/pi/SonicBoom/binau/config/missing autoheader'
AUTOMAKE='${SHELL} /home/pi/SonicBoom/binau/config/missing automake-1.14'
AWK='mawk'
CC='gcc'
CCDEPMODE='depmode=gcc3'
CFLAGS='-g -O2'
CPP='gcc -E'
CPPFLAGS='  -D__LINUX_PULSE__'
CXX='g++'
CXXCPP='g++ -E'
CXXDEPMODE='depmode=gcc3'
CXXFLAGS='-O3 -Wall -Wextra'
CYGPATH_W='echo'
DEFS='-DPACKAGE_NAME=\"RtAudio\" -DPACKAGE_TARNAME=\"rtaudio\" -DPACKAGE_VERSION=\"4.1.2\" -DPACKAGE_STRING=\"RtAudio\ 4.1.2\" -DPACKAGE_BUGREPORT=\"gary@music.mcgill.ca\" -DPACKAGE_URL=\"\" -DPACKAGE=\"rtaudio\" -DVERSION=\"4.1.2\" -DSTDC_HEADERS=1 -DHAVE_SYS_TYPES_H=1 -DHAVE_SYS_STAT_H=1 -DHAVE_STDLIB_H=1 -DHAVE_STRING_H=1 -DHAVE_MEMORY_H=1 -DHAVE_STRINGS_H=1 -DHAVE_INTTYPES_H=1 -DHAVE_STDINT_H=1 -DHAVE_UNISTD_H=1 -DHAVE_DLFCN_H=1 -DLT_OBJDIR=\".libs/\" -DSTDC_HEADERS=1 -DHAVE_SYS_IOCTL_H=1 -DHAVE_UNISTD_H=1 -DHAVE_LIBPULSE_SIMPLE=1 -DHAVE_LIBPTHREAD=1'
DEPDIR='.deps'
DLLTOOL='false'
DOXYGEN=''
DSYMUTIL=''
DUMPBIN=''
ECHO_C=''
ECHO_N='-n'
ECHO_T=''
EGREP='/bin/grep -E'
EXEEXT=''
FGREP='/bin/grep -F'
GREP='/bin/grep'
GXX='yes'
INSTALL_DATA='${INSTALL} -m 644'
INSTALL_PROGRAM='${INSTALL}'
INSTALL_SCRIPT='${INSTALL}'
INSTALL_STRIP_PROGRAM='$(install_sh) -c -s'
LD='/usr/bin/ld'
LDFLAGS=''
LIBOBJS=''
LIBS='-lpthread -lpulse-simple '
LIBTOOL='$(SHELL) $(top_builddir)/libtool'
LIPO=''
LN_S='ln -s'
LTLIBOBJS=''
MAINT='#'
MAINTAINER_MODE_FALSE=''
MAINTAINER_MODE_TRUE='#'
MAKEINFO='${SHELL} /home/pi/SonicBoom/binau/config/missing makeinfo'
MAKE_DOC_FALSE=''
MAKE_DOC_TRUE='#'
MANIFEST_TOOL=':'
MKDIR_P='/bin/mkdir -p'
NM='/usr/bin/nm -B'
NMEDIT=''
OBJDUMP='objdump'
OBJEXT='o'
OTOOL64=''
OTOOL=''
PACKAGE='rtaudio'
PACKAGE_BUGREPORT='gary@music.mcgill.ca'
PACKAGE_NAME='RtAudio'
PACKAGE_STRING='RtAudio 4.1.2'
PACKAGE_TARNAME='rtaudio'
PACKAGE_URL=''
PACKAGE_VERSION='4.1.2'
PATH_SEPARATOR=':'
PKG_CONFIG='/usr/bin/pkg-config'
PKG_CONFIG_LIBDIR=''
PKG_CONFIG_PATH=''
RANLIB='ranlib'
SED='/bin/sed'
SET_MAKE=''
SHELL='/bin/bash'
SO_VERSION='5:0:0'
STRIP='strip'
VERSION='4.1.2'
ac_ct_AR='ar'
ac_ct_CC='gcc'
ac_ct_CXX='g++'
ac_ct_DUMPBIN=''
am__EXEEXT_FALSE=''
am__EXEEXT_TRUE='#'
am__fastdepCC_FALSE='#'
am__fastdepCC_TRUE=''
am__fastdepCXX_FALSE='#'
am__fastdepCXX_TRUE=''
am__include='include'
am__isrc=''
am__leading_dot='.'
am__nodep='_no'
am__quote=''
am__tar='$${TAR-tar} chof - "$$tardir"'
am__untar='$${TAR-tar} xf -'
api=' -D__LINUX_PULSE__'
bindir='${exec_prefix}/bin'
build='armv6l-unknown-linux-gnueabihf'
build_alias=''
build_cpu='armv6l'
build_os='linux-gnueabihf'
build_vendor='unknown'
datadir='${datarootdir}'
datarootdir='${prefix}/share'
docdir='${datarootdir}/doc/${PACKAGE_TARNAME}'
dvidir='${docdir}'
exec_prefix='${prefix}'
host='armv6l-unknown-linux-gnueabihf'
host_alias=''
host_cpu='armv6l'
host_os='linux-gnueabihf'
host_vendor='unknown'
htmldir='${docdir}'
includedir='${prefix}/include'
infodir='${datarootdir}/info'
install_sh='${SHELL} /home/pi/SonicBoom/binau/config/install-sh'
libdir='${exec_prefix}/lib'
libexecdir='${exec_prefix}/libexec'
localedir='${datarootdir}/locale'
localstatedir='${prefix}/var'
mandir='${datarootdir}/man'
mkdir_p='$(MKDIR_P)'
objects=''
oldincludedir='/usr/include'
pdfdir='${docdir}'
prefix='/usr/local'
program_transform_name='s,x,x,'
psdir='${docdir}'
req=' libpulse-simple'
sbindir='${exec_prefix}/sbin'
sharedstatedir='${prefix}/com'
sysconfdir='${prefix}/etc'
target_alias=''

## ----------- ##
## confdefs.h. ##
## ----------- ##

/* confdefs.h */
#define PACKAGE_NAME "RtAudio"
#define PACKAGE_TARNAME "rtaudio"
#define PACKAGE_VERSION "4.1.2"
#define PACKAGE_STRING "RtAudio 4.1.2"
#define PACKAGE_BUGREPORT "gary@music.mcgill.ca"
#define PACKAGE_URL ""
#define PACKAGE "rtaudio"
#define VERSION "4.1.2"
#define STDC_HEADERS 1
#define HAVE_SYS_TYPES_H 1
#define HAVE_SYS_STAT_H 1
#define HAVE_STDLIB_H 1
#define HAVE_STRING_H 1
#define HAVE_MEMORY_H 1
#define HAVE_STRINGS_H 1
#define HAVE_INTTYPES_H 1
#define HAVE_STDINT_H 1
#define HAVE_UNISTD_H 1
#define HAVE_DLFCN_H 1
#define LT_OBJDIR ".libs/"
#define STDC_HEADERS 1
#define HAVE_SYS_IOCTL_H 1
#define HAVE_UNISTD_H 1
#define HAVE_LIBPULSE_SIMPLE 1
#define HAVE_LIBPTHREAD 1

configure: exit 0
